<?xml version="1.0" encoding="UTF-8"?>
<!-- Generated by org.testng.reporters.JUnitXMLReporter -->
<testsuite ignored="0" hostname="LAPTOP-UD4LBO6R" failures="0" tests="2" name="Home Page Test 2" time="0.031" errors="0" timestamp="2020-04-25T03:22:03 PDT">
  <testcase classname="academy.HomePage2" name="@BeforeTest initialize" time="0.002">
    <failure type="java.lang.NullPointerException">
      <![CDATA[java.lang.NullPointerException
at resources.baseClass.initializeDriver(baseClass.java:37)
at academy.HomePage2.initialize(HomePage2.java:26)
... Removed 24 stack frames]]>
    </failure>
  </testcase> <!-- @BeforeTest initialize -->
  <testcase classname="academy.HomePage2" name="@AfterTest taerDown" time="-1.587810123528E9">
    <skipped/>
  </testcase> <!-- @AfterTest taerDown -->
  <testcase classname="academy.HomePage2" name="validateLoginPage" time="0.0">
    <skipped/>
  </testcase> <!-- validateLoginPage -->
  <testcase classname="academy.HomePage2" name="validateLoginPage" time="0.0">
    <skipped/>
  </testcase> <!-- validateLoginPage -->
</testsuite> <!-- Home Page Test 2 -->
