<?xml version="1.0" encoding="UTF-8"?>
<!-- Generated by org.testng.reporters.JUnitXMLReporter -->
<testsuite ignored="0" hostname="LAPTOP-UD4LBO6R" failures="0" tests="1" name="Home Page Test 1" time="0.05" errors="0" timestamp="2020-04-25T03:22:03 PDT">
  <testcase classname="academy.HomePage" name="@BeforeTest initialize" time="0.009">
    <failure type="java.lang.NullPointerException">
      <![CDATA[java.lang.NullPointerException
at resources.baseClass.initializeDriver(baseClass.java:37)
at academy.HomePage.initialize(HomePage.java:25)
... Removed 24 stack frames]]>
    </failure>
  </testcase> <!-- @BeforeTest initialize -->
  <testcase classname="academy.HomePage" name="@AfterTest taerDown" time="-1.58781012347E9">
    <skipped/>
  </testcase> <!-- @AfterTest taerDown -->
  <testcase classname="academy.HomePage" name="validateHomePage" time="0.0">
    <skipped/>
  </testcase> <!-- validateHomePage -->
</testsuite> <!-- Home Page Test 1 -->
