<?xml version="1.0" encoding="UTF-8"?>
<!-- Generated by org.testng.reporters.JUnitXMLReporter -->
<testsuite ignored="0" hostname="LAPTOP-UD4LBO6R" failures="0" tests="5" name="Test" time="73.956" errors="0" timestamp="2020-04-22T18:08:55 PDT">
  <testcase classname="academy.ValidateNavigationBar" name="basePageNavigation" time="0.108"/>
  <testcase classname="academy.HomePage2" name="basePageNavigation" time="8.182"/>
  <testcase classname="academy.HomePage2" name="basePageNavigation" time="6.829"/>
  <testcase classname="academy.HomePage" name="basePageNavigation" time="9.787"/>
  <testcase classname="academy.ValidateTitle" name="basePageNavigation" time="0.072"/>
</testsuite> <!-- Test -->
