<?xml version="1.0" encoding="UTF-8"?>
<!-- Generated by org.testng.reporters.JUnitXMLReporter -->
<testsuite ignored="0" hostname="LAPTOP-UD4LBO6R" failures="0" tests="1" name="Validating Title" time="0.014" errors="0" timestamp="2020-04-25T03:22:03 PDT">
  <testcase classname="academy.ValidateTitle" name="@BeforeTest initialize" time="0.001">
    <failure type="java.lang.NullPointerException">
      <![CDATA[java.lang.NullPointerException
at resources.baseClass.initializeDriver(baseClass.java:37)
at academy.ValidateTitle.initialize(ValidateTitle.java:26)
... Removed 24 stack frames]]>
    </failure>
  </testcase> <!-- @BeforeTest initialize -->
  <testcase classname="academy.ValidateTitle" name="@AfterTest taerDown" time="-1.587810123589E9">
    <skipped/>
  </testcase> <!-- @AfterTest taerDown -->
  <testcase classname="academy.ValidateTitle" name="validateAppTitle" time="0.0">
    <skipped/>
  </testcase> <!-- validateAppTitle -->
</testsuite> <!-- Validating Title -->
