<?xml version="1.0" encoding="UTF-8"?>
<!-- Generated by org.testng.reporters.JUnitXMLReporter -->
<testsuite ignored="0" hostname="LAPTOP-UD4LBO6R" failures="0" tests="1" name="Validatig Navigation Bar" time="0.012" errors="0" timestamp="2020-04-25T03:22:03 PDT">
  <testcase classname="academy.ValidateNavigationBar" name="@BeforeTest initialize" time="0.001">
    <failure type="java.lang.NullPointerException">
      <![CDATA[java.lang.NullPointerException
at resources.baseClass.initializeDriver(baseClass.java:37)
at academy.ValidateNavigationBar.initialize(ValidateNavigationBar.java:25)
... Removed 24 stack frames]]>
    </failure>
  </testcase> <!-- @BeforeTest initialize -->
  <testcase classname="academy.ValidateNavigationBar" name="@AfterTest taerDown" time="-1.587810123555E9">
    <skipped/>
  </testcase> <!-- @AfterTest taerDown -->
  <testcase classname="academy.ValidateNavigationBar" name="validateNavigationBar" time="0.0">
    <skipped/>
  </testcase> <!-- validateNavigationBar -->
</testsuite> <!-- Validatig Navigation Bar -->
