<?xml version="1.0" encoding="UTF-8"?>
<!-- Generated by org.testng.reporters.JUnitXMLReporter -->
<testsuite ignored="0" hostname="LAPTOP-UD4LBO6R" failures="0" tests="3" name="Home Page Test 2" time="32.72" errors="0" timestamp="2020-04-25T06:01:28 PDT">
  <testcase classname="academy.HomePage2" name="validateLoginPage" time="11.378"/>
  <testcase classname="academy.HomePage" name="validateHomePage" time="12.379"/>
  <testcase classname="academy.HomePage2" name="validateLoginPage" time="6.324"/>
</testsuite> <!-- Home Page Test 2 -->
