<?xml version="1.0" encoding="UTF-8"?>
<!-- Generated by org.testng.reporters.JUnitXMLReporter -->
<testsuite ignored="0" hostname="LAPTOP-UD4LBO6R" failures="2" tests="3" name="Validatig Navigation Bar" time="21.214" errors="0" timestamp="2020-04-25T06:01:16 PDT">
  <testcase classname="academy.ValidateNavigationBar" name="validateNavigationBar" time="0.187"/>
  <testcase classname="academy.ValidateTitle" name="validateAppTitle" time="0.737">
    <failure type="java.lang.AssertionError" message="expected [FEATURED COURSES1111] but found [FEATURED COURSES]">
      <![CDATA[java.lang.AssertionError: expected [FEATURED COURSES1111] but found [FEATURED COURSES]
at academy.ValidateTitle.validateAppTitle(ValidateTitle.java:39)
at java.base/java.util.ArrayList.forEach(ArrayList.java:1540)
at java.base/java.util.concurrent.FutureTask.run(FutureTask.java:264)
at java.base/java.util.concurrent.ThreadPoolExecutor.runWorker(ThreadPoolExecutor.java:1128)
at java.base/java.util.concurrent.ThreadPoolExecutor$Worker.run(ThreadPoolExecutor.java:628)
at java.base/java.lang.Thread.run(Thread.java:835)
... Removed 23 stack frames]]>
    </failure>
  </testcase> <!-- validateAppTitle -->
  <testcase classname="academy.ValidateTitle" name="validateAppTitle" time="0.74">
    <failure type="java.lang.NullPointerException">
      <![CDATA[java.lang.NullPointerException
at resources.baseClass.getScreenshot(baseClass.java:70)
at academy.ListenersClass.onTestFailure(ListenersClass.java:26)
at java.base/java.util.ArrayList.forEach(ArrayList.java:1540)
at java.base/java.util.concurrent.FutureTask.run(FutureTask.java:264)
at java.base/java.util.concurrent.ThreadPoolExecutor.runWorker(ThreadPoolExecutor.java:1128)
at java.base/java.util.concurrent.ThreadPoolExecutor$Worker.run(ThreadPoolExecutor.java:628)
at java.base/java.lang.Thread.run(Thread.java:835)
... Removed 15 stack frames]]>
    </failure>
  </testcase> <!-- validateAppTitle -->
</testsuite> <!-- Validatig Navigation Bar -->
