<?xml version="1.0" encoding="UTF-8"?>
<testng-results ignored="0" total="3" passed="3" failed="0" skipped="0">
  <reporter-output>
  </reporter-output>
  <suite started-at="2020-04-25T06:00:55 PDT" name="Suite" finished-at="2020-04-25T06:01:28 PDT" duration-ms="32720">
    <groups>
    </groups>
    <test started-at="2020-04-25T06:00:55 PDT" name="Validatig Navigation Bar" finished-at="2020-04-25T06:01:16 PDT" duration-ms="21214">
      <class name="academy.ValidateNavigationBar">
        <test-method is-config="true" signature="initialize()[pri:0, instance:academy.ValidateNavigationBar@2421cc4]" started-at="2020-04-25T06:00:55 PDT" name="initialize" finished-at="2020-04-25T06:01:11 PDT" duration-ms="16397" status="PASS">
          <reporter-output>
          </reporter-output>
        </test-method> <!-- initialize -->
        <test-method signature="validateNavigationBar()[pri:0, instance:academy.ValidateNavigationBar@2421cc4]" started-at="2020-04-25T06:01:11 PDT" name="validateNavigationBar" finished-at="2020-04-25T06:01:11 PDT" duration-ms="187" status="PASS">
          <reporter-output>
          </reporter-output>
        </test-method> <!-- validateNavigationBar -->
        <test-method is-config="true" signature="taerDown()[pri:0, instance:academy.ValidateNavigationBar@2421cc4]" started-at="2020-04-25T06:01:11 PDT" name="taerDown" finished-at="2020-04-25T06:01:16 PDT" duration-ms="4617" status="PASS">
          <reporter-output>
          </reporter-output>
        </test-method> <!-- taerDown -->
      </class> <!-- academy.ValidateNavigationBar -->
    </test> <!-- Validatig Navigation Bar -->
    <test started-at="2020-04-25T06:00:55 PDT" name="Home Page Test 2" finished-at="2020-04-25T06:01:28 PDT" duration-ms="32720">
      <class name="academy.HomePage2">
        <test-method is-config="true" signature="initialize()[pri:0, instance:academy.HomePage2@68df9280]" started-at="2020-04-25T06:00:55 PDT" name="initialize" finished-at="2020-04-25T06:01:06 PDT" duration-ms="10795" status="PASS">
          <reporter-output>
          </reporter-output>
        </test-method> <!-- initialize -->
        <test-method signature="validateLoginPage(java.lang.String, java.lang.String, java.lang.String)[pri:0, instance:academy.HomePage2@68df9280]" started-at="2020-04-25T06:01:06 PDT" name="validateLoginPage" data-provider="getData" finished-at="2020-04-25T06:01:17 PDT" duration-ms="11378" status="PASS">
          <params>
            <param index="0">
              <value>
                <![CDATA[NONrestrictedUser@a.com]]>
              </value>
            </param>
            <param index="1">
              <value>
                <![CDATA[0123456789]]>
              </value>
            </param>
            <param index="2">
              <value>
                <![CDATA[NON Restricted User]]>
              </value>
            </param>
          </params>
          <reporter-output>
          </reporter-output>
        </test-method> <!-- validateLoginPage -->
        <test-method signature="validateLoginPage(java.lang.String, java.lang.String, java.lang.String)[pri:0, instance:academy.HomePage2@68df9280]" started-at="2020-04-25T06:01:17 PDT" name="validateLoginPage" data-provider="getData" finished-at="2020-04-25T06:01:23 PDT" duration-ms="6324" status="PASS">
          <params>
            <param index="0">
              <value>
                <![CDATA[RestrictedUser@z.com]]>
              </value>
            </param>
            <param index="1">
              <value>
                <![CDATA[9876543210]]>
              </value>
            </param>
            <param index="2">
              <value>
                <![CDATA[Restricted User]]>
              </value>
            </param>
          </params>
          <reporter-output>
          </reporter-output>
        </test-method> <!-- validateLoginPage -->
        <test-method is-config="true" signature="taerDown()[pri:0, instance:academy.HomePage2@68df9280]" started-at="2020-04-25T06:01:23 PDT" name="taerDown" finished-at="2020-04-25T06:01:28 PDT" duration-ms="4176" status="PASS">
          <reporter-output>
          </reporter-output>
        </test-method> <!-- taerDown -->
      </class> <!-- academy.HomePage2 -->
    </test> <!-- Home Page Test 2 -->
  </suite> <!-- Suite -->
</testng-results>
